<?xml version="1.0" encoding="UTF-8"?>
<testng-results ignored="0" total="1" passed="1" failed="0" skipped="0">
  <reporter-output>
  </reporter-output>
  <suite started-at="2024-11-20T15:43:59 IST" name="Default suite" finished-at="2024-11-20T15:43:59 IST" duration-ms="46">
    <groups>
    </groups>
    <test started-at="2024-11-20T15:43:59 IST" name="Default test" finished-at="2024-11-20T15:43:59 IST" duration-ms="46">
      <class name="org.test.TestngRunner">
        <test-method is-config="true" signature="browserlaunch()[pri:0, instance:org.test.TestngRunner@6fdbe764]" started-at="2024-11-20T15:43:59 IST" name="browserlaunch" finished-at="2024-11-20T15:43:59 IST" duration-ms="8" status="PASS">
          <reporter-output>
          </reporter-output>
        </test-method> <!-- browserlaunch -->
        <test-method signature="urlLuanch()[pri:0, instance:org.test.TestngRunner@6fdbe764]" started-at="2024-11-20T15:43:59 IST" name="urlLuanch" finished-at="2024-11-20T15:43:59 IST" duration-ms="12" status="PASS">
          <reporter-output>
          </reporter-output>
        </test-method> <!-- urlLuanch -->
      </class> <!-- org.test.TestngRunner -->
    </test> <!-- Default test -->
  </suite> <!-- Default suite -->
</testng-results>
